<?xml version="1.0" encoding="UTF-8"?>
<!-- Generated by org.testng.reporters.JUnitXMLReporter -->
<testsuite ignored="2" hostname="Manoj" failures="0" tests="1" name="Default test" time="10.037" errors="0" timestamp="2025-07-23T21:27:25 EDT">
  <testcase classname="day4.tests.Start" name="testScript3" time="5.494"/>
  <testcase classname="day4.tests.Start" name="testScript1" time="0.0">
    <ignored/>
  </testcase> <!-- testScript1 -->
  <testcase classname="day4.tests.Start" name="testScript2" time="0.0">
    <ignored/>
  </testcase> <!-- testScript2 -->
</testsuite> <!-- Default test -->
