<?xml version="1.0" encoding="UTF-8"?>
<testng-results ignored="2" total="3" passed="1" failed="0" skipped="0">
  <reporter-output>
  </reporter-output>
  <suite started-at="2025-07-23T21:27:15 EDT" name="Default suite" finished-at="2025-07-23T21:27:25 EDT" duration-ms="10037">
    <groups>
    </groups>
    <test started-at="2025-07-23T21:27:15 EDT" name="Default test" finished-at="2025-07-23T21:27:25 EDT" duration-ms="10037">
      <class name="day4.tests.Start">
        <test-method is-config="true" signature="launch()[pri:0, instance:day4.tests.Start@6adbc9d]" started-at="2025-07-23T21:27:15 EDT" name="launch" finished-at="2025-07-23T21:27:19 EDT" duration-ms="4237" status="PASS">
          <reporter-output>
          </reporter-output>
        </test-method> <!-- launch -->
        <test-method signature="testScript3()[pri:0, instance:day4.tests.Start@6adbc9d]" started-at="2025-07-23T21:27:19 EDT" name="testScript3" finished-at="2025-07-23T21:27:25 EDT" duration-ms="5494" status="PASS">
          <reporter-output>
          </reporter-output>
        </test-method> <!-- testScript3 -->
        <test-method is-config="true" signature="teardown()[pri:0, instance:day4.tests.Start@6adbc9d]" started-at="2025-07-23T21:27:25 EDT" name="teardown" finished-at="2025-07-23T21:27:25 EDT" duration-ms="262" status="PASS">
          <reporter-output>
          </reporter-output>
        </test-method> <!-- teardown -->
      </class> <!-- day4.tests.Start -->
    </test> <!-- Default test -->
  </suite> <!-- Default suite -->
</testng-results>
